# JRE version: Java(TM) SE Runtime Environment (12.0.2+10) (build 12.0.2+10)
# Java VM: Java HotSpot(TM) 64-Bit Server VM (12.0.2+10, mixed mode, sharing, tiered, compressed oops, g1 gc, linux-amd64)
Heap:
 garbage-first heap   total 679936K, used 189518K [0x00000000c3a00000, 0x0000000100000000)
  region size 1024K, 2 young (2048K), 2 survivors (2048K)
 Metaspace       used 1585K, capacity 5086K, committed 5376K, reserved 1056768K
  class space    used 107K, capacity 439K, committed 512K, reserved 1048576K
GC Heap History (10 events):
Event: 2.638 GC heap after
{Heap after GC invocations=16 (full 0):
 garbage-first heap   total 473088K, used 128069K [0x00000000c3a00000, 0x0000000100000000)
  region size 1024K, 2 young (2048K), 2 survivors (2048K)
 Metaspace       used 896K, capacity 4604K, committed 4864K, reserved 1056768K
  class space    used 83K, capacity 405K, committed 512K, reserved 1048576K
}
Event: 8.549 GC heap before
{Heap before GC invocations=17 (full 0):
 garbage-first heap   total 454656K, used 217157K [0x00000000c3a00000, 0x0000000100000000)
  region size 1024K, 57 young (58368K), 2 survivors (2048K)
 Metaspace       used 1464K, capacity 5086K, committed 5376K, reserved 1056768K
  class space    used 100K, capacity 439K, committed 512K, reserved 1048576K
}
Event: 10.531 GC heap after
{Heap after GC invocations=18 (full 0):
 garbage-first heap   total 454656K, used 176714K [0x00000000c3a00000, 0x0000000100000000)
  region size 1024K, 8 young (8192K), 8 survivors (8192K)
 Metaspace       used 1464K, capacity 5086K, committed 5376K, reserved 1056768K
  class space    used 100K, capacity 439K, committed 512K, reserved 1048576K
}
Event: 11.295 GC heap before
{Heap before GC invocations=18 (full 0):
 garbage-first heap   total 454656K, used 220746K [0x00000000c3a00000, 0x0000000100000000)
  region size 1024K, 20 young (20480K), 8 survivors (8192K)
 Metaspace       used 1467K, capacity 5086K, committed 5376K, reserved 1056768K
  class space    used 100K, capacity 439K, committed 512K, reserved 1048576K
}
Event: 11.298 GC heap after
{Heap after GC invocations=19 (full 0):
 garbage-first heap   total 454656K, used 175690K [0x00000000c3a00000, 0x0000000100000000)
  region size 1024K, 3 young (3072K), 3 survivors (3072K)
 Metaspace       used 1467K, capacity 5086K, committed 5376K, reserved 1056768K
  class space    used 100K, capacity 439K, committed 512K, reserved 1048576K
}
Event: 52.832 GC heap before
{Heap before GC invocations=20 (full 0):
 garbage-first heap   total 456704K, used 452170K [0x00000000c3a00000, 0x0000000100000000)
  region size 1024K, 71 young (72704K), 3 survivors (3072K)
 Metaspace       used 1584K, capacity 5086K, committed 5376K, reserved 1056768K
  class space    used 107K, capacity 439K, committed 512K, reserved 1048576K
}
Event: 121.017 GC heap after
{Heap after GC invocations=21 (full 0):
 garbage-first heap   total 473088K, used 192055K [0x00000000c3a00000, 0x0000000100000000)
  region size 1024K, 11 young (11264K), 11 survivors (11264K)
 Metaspace       used 1584K, capacity 5086K, committed 5376K, reserved 1056768K
  class space    used 107K, capacity 439K, committed 512K, reserved 1048576K
}
Event: 153.657 GC heap before
{Heap before GC invocations=21 (full 0):
 garbage-first heap   total 473088K, used 240183K [0x00000000c3a00000, 0x0000000100000000)
  region size 1024K, 23 young (23552K), 11 survivors (11264K)
 Metaspace       used 1584K, capacity 5086K, committed 5376K, reserved 1056768K
  class space    used 107K, capacity 439K, committed 512K, reserved 1048576K
}
Event: 190.268 GC heap after
{Heap after GC invocations=22 (full 0):
 garbage-first heap   total 473088K, used 191049K [0x00000000c3a00000, 0x0000000100000000)
  region size 1024K, 3 young (3072K), 3 survivors (3072K)
 Metaspace       used 1584K, capacity 5086K, committed 5376K, reserved 1056768K
  class space    used 107K, capacity 439K, committed 512K, reserved 1048576K
}
Event: 203.821 GC heap before
{Heap before GC invocations=22 (full 0):
 garbage-first heap   total 473088K, used 219721K [0x00000000c3a00000, 0x0000000100000000)
  region size 1024K, 12 young (12288K), 3 survivors (3072K)
 Metaspace       used 1585K, capacity 5086K, committed 5376K, reserved 1056768K
  class space    used 107K, capacity 439K, committed 512K, reserved 1048576K
}

